mode: atomic
github.com/optimus-hft/go-ipmux/client.go:22.39,24.17 2 4
github.com/optimus-hft/go-ipmux/client.go:24.17,26.3 1 2
github.com/optimus-hft/go-ipmux/client.go:27.2,29.43 2 2
github.com/optimus-hft/go-ipmux/client.go:34.42,35.25 1 2
github.com/optimus-hft/go-ipmux/client.go:35.25,37.3 1 1
github.com/optimus-hft/go-ipmux/client.go:39.2,39.18 1 1
github.com/optimus-hft/go-ipmux/client.go:44.59,46.16 2 1
github.com/optimus-hft/go-ipmux/client.go:46.16,48.3 1 0
github.com/optimus-hft/go-ipmux/client.go:50.2,57.25 4 1
github.com/optimus-hft/go-ipmux/client.go:57.25,58.60 1 2
github.com/optimus-hft/go-ipmux/client.go:58.60,60.4 1 1
github.com/optimus-hft/go-ipmux/client.go:60.9,62.4 1 1
github.com/optimus-hft/go-ipmux/client.go:65.2,66.33 2 1
github.com/optimus-hft/go-ipmux/client.go:66.33,68.3 1 1
github.com/optimus-hft/go-ipmux/client.go:70.2,70.35 1 1
github.com/optimus-hft/go-ipmux/client.go:70.35,72.3 1 1
github.com/optimus-hft/go-ipmux/client.go:74.2,74.25 1 1
github.com/optimus-hft/go-ipmux/client.go:77.70,78.29 1 2
github.com/optimus-hft/go-ipmux/client.go:78.29,79.42 1 21
github.com/optimus-hft/go-ipmux/client.go:79.42,81.18 2 1
github.com/optimus-hft/go-ipmux/client.go:81.18,82.13 1 0
github.com/optimus-hft/go-ipmux/client.go:85.4,87.11 1 1
github.com/optimus-hft/go-ipmux/client.go:91.2,91.19 1 1
github.com/optimus-hft/go-ipmux/client.go:94.69,104.2 7 1
github.com/optimus-hft/go-ipmux/options.go:18.49,40.2 3 6
github.com/optimus-hft/go-ipmux/options.go:51.53,52.36 1 2
github.com/optimus-hft/go-ipmux/options.go:52.36,54.3 1 2
github.com/optimus-hft/go-ipmux/options.go:58.48,59.36 1 1
github.com/optimus-hft/go-ipmux/options.go:59.36,62.3 2 1
github.com/optimus-hft/go-ipmux/options.go:66.52,67.36 1 1
github.com/optimus-hft/go-ipmux/options.go:67.36,69.3 1 1
github.com/optimus-hft/go-ipmux/options.go:73.58,74.36 1 1
github.com/optimus-hft/go-ipmux/options.go:74.36,76.3 1 1
github.com/optimus-hft/go-ipmux/options.go:80.44,81.36 1 1
github.com/optimus-hft/go-ipmux/options.go:81.36,83.3 1 1
