mode: atomic
github.com/optimus-hft/go-ipmux/client.go:22.39,24.17 2 4
github.com/optimus-hft/go-ipmux/client.go:24.17,26.3 1 2
github.com/optimus-hft/go-ipmux/client.go:27.2,29.43 2 2
github.com/optimus-hft/go-ipmux/client.go:34.42,35.25 1 2
github.com/optimus-hft/go-ipmux/client.go:35.25,37.3 1 1
github.com/optimus-hft/go-ipmux/client.go:39.2,39.18 1 1
github.com/optimus-hft/go-ipmux/client.go:44.59,46.16 2 1
github.com/optimus-hft/go-ipmux/client.go:46.16,48.3 1 0
github.com/optimus-hft/go-ipmux/client.go:50.2,57.25 4 1
github.com/optimus-hft/go-ipmux/client.go:57.25,58.60 1 2
github.com/optimus-hft/go-ipmux/client.go:58.60,60.4 1 1
github.com/optimus-hft/go-ipmux/client.go:60.9,62.4 1 1
github.com/optimus-hft/go-ipmux/client.go:65.2,66.33 2 1
github.com/optimus-hft/go-ipmux/client.go:66.33,68.3 1 1
github.com/optimus-hft/go-ipmux/client.go:70.2,70.35 1 1
github.com/optimus-hft/go-ipmux/client.go:70.35,72.3 1 1
github.com/optimus-hft/go-ipmux/client.go:74.2,74.25 1 1
github.com/optimus-hft/go-ipmux/client.go:77.70,78.29 1 2
github.com/optimus-hft/go-ipmux/client.go:78.29,79.42 1 18
github.com/optimus-hft/go-ipmux/client.go:79.42,81.18 2 1
github.com/optimus-hft/go-ipmux/client.go:81.18,82.13 1 0
github.com/optimus-hft/go-ipmux/client.go:85.4,87.11 1 1
github.com/optimus-hft/go-ipmux/client.go:91.2,91.19 1 1
github.com/optimus-hft/go-ipmux/client.go:94.69,104.2 7 1
github.com/optimus-hft/go-ipmux/options.go:14.49,35.2 3 6
github.com/optimus-hft/go-ipmux/options.go:46.53,47.36 1 2
github.com/optimus-hft/go-ipmux/options.go:47.36,49.3 1 2
github.com/optimus-hft/go-ipmux/options.go:53.48,54.36 1 1
github.com/optimus-hft/go-ipmux/options.go:54.36,57.3 2 1
github.com/optimus-hft/go-ipmux/options.go:61.52,62.36 1 1
github.com/optimus-hft/go-ipmux/options.go:62.36,64.3 1 1
github.com/optimus-hft/go-ipmux/options.go:68.58,69.36 1 1
github.com/optimus-hft/go-ipmux/options.go:69.36,71.3 1 1
github.com/optimus-hft/go-ipmux/options.go:75.44,76.36 1 1
github.com/optimus-hft/go-ipmux/options.go:76.36,78.3 1 1
